[debug] [2023-03-12T05:13:42.772Z] ----------------------------------------------------------------------
[debug] [2023-03-12T05:13:42.774Z] Command:       C:\Program Files\nodejs\node.exe C:\Users\User\AppData\Roaming\npm\node_modules\firebase-tools\lib\bin\firebase.js init
[debug] [2023-03-12T05:13:42.775Z] CLI Version:   11.24.0
[debug] [2023-03-12T05:13:42.775Z] Platform:      win32
[debug] [2023-03-12T05:13:42.775Z] Node Version:  v18.12.0
[debug] [2023-03-12T05:13:42.776Z] Time:          Sun Mar 12 2023 14:13:42 GMT+0900 (Korean Standard Time)
[debug] [2023-03-12T05:13:42.776Z] ----------------------------------------------------------------------
[debug] 
[debug] [2023-03-12T05:13:42.783Z] > command requires scopes: ["email","openid","https://www.googleapis.com/auth/cloudplatformprojects.readonly","https://www.googleapis.com/auth/firebase","https://www.googleapis.com/auth/cloud-platform"]
[debug] [2023-03-12T05:13:42.784Z] > authorizing via signed-in user (hijavokhir@gmail.com)
[info] 
     ######## #### ########  ######## ########     ###     ######  ########
     ##        ##  ##     ## ##       ##     ##  ##   ##  ##       ##
     ######    ##  ########  ######   ########  #########  ######  ######
     ##        ##  ##    ##  ##       ##     ## ##     ##       ## ##
     ##       #### ##     ## ######## ########  ##     ##  ######  ########

You're about to initialize a Firebase project in this directory:

  D:\Main\Front end\Big Portfolo\Twitter with React\twitter-clone

[info] 
=== Project Setup
[info] 
[info] First, let's associate this project directory with a Firebase project.
[info] You can create multiple project aliases by running firebase use --add, 
[info] but for now we'll just set up a default project.
[info] 
[debug] [2023-03-12T05:14:37.679Z] >>> [apiv2][query] GET https://firebase.googleapis.com/v1beta1/projects pageSize=100
[debug] [2023-03-12T05:14:38.919Z] <<< [apiv2][status] GET https://firebase.googleapis.com/v1beta1/projects 200
[debug] [2023-03-12T05:14:38.920Z] <<< [apiv2][body] GET https://firebase.googleapis.com/v1beta1/projects [omitted]
[info] i  Using project twitter-clone-2e8b4 (twitter-clone) 
[info] 
=== Hosting Setup
[info] 
[info] Your public directory is the folder (relative to your project directory) that
[info] will contain Hosting assets to be uploaded with firebase deploy. If you
[info] have a build process for your assets, use your build's output directory.
[info] 
[debug] [2023-03-12T05:15:35.367Z] >>> [apiv2][query] GET https://www.gstatic.com/firebasejs/releases.json [none]
[debug] [2023-03-12T05:15:35.832Z] <<< [apiv2][status] GET https://www.gstatic.com/firebasejs/releases.json 200
[debug] [2023-03-12T05:15:35.833Z] <<< [apiv2][body] GET https://www.gstatic.com/firebasejs/releases.json {"current":{"version":"9.17.2","browserURL":"https://www.gstatic.com/firebasejs/9.17.2/firebase.js","packageURL":"https://www.gstatic.com/firebasejs/9.17.2/firebase.tgz"},"live":{"version":"9.17","browserURL":"https://www.gstatic.com/firebasejs/live/9.17/firebase.js","packageURL":"https://www.gstatic.com/firebasejs/live/9.17/firebase.tgz"},"components":{"analytics":"https://www.gstatic.com/firebasejs/9.17.2/firebase-analytics.js","app":"https://www.gstatic.com/firebasejs/9.17.2/firebase-app.js","app-check":"https://www.gstatic.com/firebasejs/9.17.2/firebase-app-check.js","auth":"https://www.gstatic.com/firebasejs/9.17.2/firebase-auth.js","auth/cordova":"https://www.gstatic.com/firebasejs/9.17.2/firebase-auth/cordova.js","auth/react-native":"https://www.gstatic.com/firebasejs/9.17.2/firebase-auth/react-native.js","functions":"https://www.gstatic.com/firebasejs/9.17.2/firebase-functions.js","firestore":"https://www.gstatic.com/firebasejs/9.17.2/firebase-firestore.js","firestore/lite":"https://www.gstatic.com/firebasejs/9.17.2/firebase-firestore/lite.js","installations":"https://www.gstatic.com/firebasejs/9.17.2/firebase-installations.js","storage":"https://www.gstatic.com/firebasejs/9.17.2/firebase-storage.js","performance":"https://www.gstatic.com/firebasejs/9.17.2/firebase-performance.js","remote-config":"https://www.gstatic.com/firebasejs/9.17.2/firebase-remote-config.js","messaging":"https://www.gstatic.com/firebasejs/9.17.2/firebase-messaging.js","messaging/sw":"https://www.gstatic.com/firebasejs/9.17.2/firebase-messaging/sw.js","database":"https://www.gstatic.com/firebasejs/9.17.2/firebase-database.js","firestore.memory":"https://www.gstatic.com/firebasejs/9.17.2/firebase-firestore.memory.js"}}
[info] +  Wrote build/index.html 
[info] 
[info] i  Detected a .git folder at D:\Main\Front end\Big Portfolo\Twitter with React\twitter-clone 
[info] i  Authorizing with GitHub to upload your service account to a GitHub repository's secrets store. 
[info] 
[info] Visit this URL on this device to log in:
[info] https://github.com/login/oauth/authorize?client_id=89cf50f02ac6aaed3484&state=460224031&redirect_uri=http%3A%2F%2Flocalhost%3A9005&scope=read%3Auser%20repo%20public_repo
[info] 
[info] Waiting for authentication...
[debug] [2023-03-12T05:16:09.155Z] >>> [apiv2][query] POST https://github.com/login/oauth/access_token [none]
[debug] [2023-03-12T05:16:09.155Z] >>> [apiv2][body] POST https://github.com/login/oauth/access_token [stream]
[debug] [2023-03-12T05:16:09.542Z] <<< [apiv2][status] POST https://github.com/login/oauth/access_token 200
[debug] [2023-03-12T05:16:09.542Z] <<< [apiv2][body] POST https://github.com/login/oauth/access_token {"access_token":"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","token_type":"bearer","scope":"read:user,repo"}
[debug] [2023-03-12T05:16:09.555Z] >>> [apiv2][query] GET https://api.github.com/user [none]
[debug] [2023-03-12T05:16:09.948Z] <<< [apiv2][status] GET https://api.github.com/user 200
[debug] [2023-03-12T05:16:09.948Z] <<< [apiv2][body] GET https://api.github.com/user {"login":"JavokhirTursunboev","id":93634237,"node_id":"U_kgDOBZS-vQ","avatar_url":"https://avatars.githubusercontent.com/u/93634237?v=4","gravatar_id":"","url":"https://api.github.com/users/JavokhirTursunboev","html_url":"https://github.com/JavokhirTursunboev","followers_url":"https://api.github.com/users/JavokhirTursunboev/followers","following_url":"https://api.github.com/users/JavokhirTursunboev/following{/other_user}","gists_url":"https://api.github.com/users/JavokhirTursunboev/gists{/gist_id}","starred_url":"https://api.github.com/users/JavokhirTursunboev/starred{/owner}{/repo}","subscriptions_url":"https://api.github.com/users/JavokhirTursunboev/subscriptions","organizations_url":"https://api.github.com/users/JavokhirTursunboev/orgs","repos_url":"https://api.github.com/users/JavokhirTursunboev/repos","events_url":"https://api.github.com/users/JavokhirTursunboev/events{/privacy}","received_events_url":"https://api.github.com/users/JavokhirTursunboev/received_events","type":"User","site_admin":false,"name":"Javokhir Tursunboev","company":null,"blog":"https://t.me/JavokhirEngineer","location":"south korea","email":null,"hireable":null,"bio":"Software Engineer\r\nReact.js\r\nRedux\r\nFigma\r\nGit\r\nJavaScript\r\nPython\r\nReact","twitter_username":null,"public_repos":35,"public_gists":0,"followers":2,"following":9,"created_at":"2021-11-03T03:57:06Z","updated_at":"2023-03-02T12:34:50Z","private_gists":0,"total_private_repos":3,"owned_private_repos":3,"disk_usage":138664,"collaborators":0,"two_factor_authentication":false,"plan":{"name":"free","space":976562499,"collaborators":0,"private_repos":10000}}
[info] 
[info] +  Success! Logged into GitHub as JavokhirTursunboev 
[info] 
